[2019-07-16 17:54:15 #82783.3]	WARNING	swProtocol_recv_check_length (ERRNO 1201): package is too big, remote_addr=127.0.0.1:51275, length=1195725860
[2019-07-16 17:54:17 #82783.0]	WARNING	swProtocol_recv_check_length (ERRNO 1201): package is too big, remote_addr=127.0.0.1:51277, length=1195725860
[2019-07-16 17:54:18 #82783.3]	WARNING	swProtocol_recv_check_length (ERRNO 1201): package is too big, remote_addr=127.0.0.1:51291, length=1195725860
[2019-07-16 18:23:21 #93412.3]	WARNING	swProtocol_recv_check_length (ERRNO 1201): package is too big, remote_addr=127.0.0.1:61120, length=1195725860
[2019-07-16 18:23:21 *93433.3]	NOTICE	swFactoryProcess_finish (ERRNO 1004): send 72 byte failed, because connection[fd=5] is closed
[2019-07-16 18:23:21 #93412.0]	WARNING	swProtocol_recv_check_length (ERRNO 1201): package is too big, remote_addr=127.0.0.1:61121, length=1195725860
[2019-07-16 18:23:22 #93412.3]	WARNING	swProtocol_recv_check_length (ERRNO 1201): package is too big, remote_addr=127.0.0.1:61123, length=1195725860
[2019-07-16 18:23:22 *93433.3]	NOTICE	swFactoryProcess_finish (ERRNO 1004): send 72 byte failed, because connection[fd=8] is closed
PHP Fatal error:  Class 'EasySwoole\Core\Http\AbstractInterface\Controller' not found in /Users/wangzenan/Code/project/php/easyswoole/App/HttpController/User.php on line 7

Fatal error: Class 'EasySwoole\Core\Http\AbstractInterface\Controller' not found in /Users/wangzenan/Code/project/php/easyswoole/App/HttpController/User.php on line 7
PHP Warning:  Swoole\Server::send(): invalid fd[0] in /Users/wangzenan/Code/project/php/easyswoole/src/Console/ConsoleService.php on line 76

Warning: Swoole\Server::send(): invalid fd[0] in /Users/wangzenan/Code/project/php/easyswoole/src/Console/ConsoleService.php on line 76
[2019-07-16 18:45:35][Warning][file:/Users/wangzenan/Code/project/php/easyswoole/src/Console/ConsoleService.php][line:76]Swoole\Server::send(): invalid fd[0]
[2019-07-16 18:45:35][FatalError][file:/Users/wangzenan/Code/project/php/easyswoole/App/HttpController/User.php][line:7]Class 'EasySwoole\Core\Http\AbstractInterface\Controller' not found
[2019-07-16 18:45:35 $6892.0]	WARNING	swManager_check_exit_status: worker#3[pid=6911] abnormal exit, status=255, signal=0
PHP Fatal error:  Class 'EasySwoole\Core\Http\AbstractInterface\Controller' not found in /Users/wangzenan/Code/project/php/easyswoole/App/HttpController/User.php on line 7

Fatal error: Class 'EasySwoole\Core\Http\AbstractInterface\Controller' not found in /Users/wangzenan/Code/project/php/easyswoole/App/HttpController/User.php on line 7
PHP Warning:  Swoole\Server::send(): invalid fd[0] in /Users/wangzenan/Code/project/php/easyswoole/src/Console/ConsoleService.php on line 76

Warning: Swoole\Server::send(): invalid fd[0] in /Users/wangzenan/Code/project/php/easyswoole/src/Console/ConsoleService.php on line 76
[2019-07-16 18:46:04][Warning][file:/Users/wangzenan/Code/project/php/easyswoole/src/Console/ConsoleService.php][line:76]Swoole\Server::send(): invalid fd[0]
[2019-07-16 18:46:04][FatalError][file:/Users/wangzenan/Code/project/php/easyswoole/App/HttpController/User.php][line:7]Class 'EasySwoole\Core\Http\AbstractInterface\Controller' not found
[2019-07-16 18:46:04 $6892.0]	WARNING	swManager_check_exit_status: worker#3[pid=7076] abnormal exit, status=255, signal=0
PHP Fatal error:  Class 'EasySwoole\Core\Http\AbstractInterface\Controller' not found in /Users/wangzenan/Code/project/php/easyswoole/App/HttpController/User.php on line 7

Fatal error: Class 'EasySwoole\Core\Http\AbstractInterface\Controller' not found in /Users/wangzenan/Code/project/php/easyswoole/App/HttpController/User.php on line 7
PHP Warning:  Swoole\Server::send(): invalid fd[0] in /Users/wangzenan/Code/project/php/easyswoole/src/Console/ConsoleService.php on line 76

Warning: Swoole\Server::send(): invalid fd[0] in /Users/wangzenan/Code/project/php/easyswoole/src/Console/ConsoleService.php on line 76
[2019-07-17 09:18:54][Warning][file:/Users/wangzenan/Code/project/php/easyswoole/src/Console/ConsoleService.php][line:76]Swoole\Server::send(): invalid fd[0]
[2019-07-17 09:18:54][FatalError][file:/Users/wangzenan/Code/project/php/easyswoole/App/HttpController/User.php][line:7]Class 'EasySwoole\Core\Http\AbstractInterface\Controller' not found
[2019-07-17 09:18:54 $6892.0]	WARNING	swManager_check_exit_status: worker#3[pid=7382] abnormal exit, status=255, signal=0
PHP Fatal error:  Class 'EasySwoole\Core\Http\AbstractInterface\Controller' not found in /Users/wangzenan/Code/project/php/easyswoole/App/HttpController/User.php on line 7

Fatal error: Class 'EasySwoole\Core\Http\AbstractInterface\Controller' not found in /Users/wangzenan/Code/project/php/easyswoole/App/HttpController/User.php on line 7
PHP Warning:  Swoole\Server::send(): invalid fd[0] in /Users/wangzenan/Code/project/php/easyswoole/src/Console/ConsoleService.php on line 76

Warning: Swoole\Server::send(): invalid fd[0] in /Users/wangzenan/Code/project/php/easyswoole/src/Console/ConsoleService.php on line 76
[2019-07-17 09:19:47][Warning][file:/Users/wangzenan/Code/project/php/easyswoole/src/Console/ConsoleService.php][line:76]Swoole\Server::send(): invalid fd[0]
[2019-07-17 09:19:47][FatalError][file:/Users/wangzenan/Code/project/php/easyswoole/App/HttpController/User.php][line:7]Class 'EasySwoole\Core\Http\AbstractInterface\Controller' not found
[2019-07-17 09:19:47 $6892.0]	WARNING	swManager_check_exit_status: worker#3[pid=12929] abnormal exit, status=255, signal=0
PHP Fatal error:  Class 'EasySwoole\Core\Http\AbstractInterface\Controller' not found in /Users/wangzenan/Code/project/php/easyswoole/App/HttpController/User.php on line 7

Fatal error: Class 'EasySwoole\Core\Http\AbstractInterface\Controller' not found in /Users/wangzenan/Code/project/php/easyswoole/App/HttpController/User.php on line 7
PHP Warning:  Swoole\Server::send(): invalid fd[0] in /Users/wangzenan/Code/project/php/easyswoole/src/Console/ConsoleService.php on line 76

Warning: Swoole\Server::send(): invalid fd[0] in /Users/wangzenan/Code/project/php/easyswoole/src/Console/ConsoleService.php on line 76
[2019-07-17 09:22:52][Warning][file:/Users/wangzenan/Code/project/php/easyswoole/src/Console/ConsoleService.php][line:76]Swoole\Server::send(): invalid fd[0]
[2019-07-17 09:22:52][FatalError][file:/Users/wangzenan/Code/project/php/easyswoole/App/HttpController/User.php][line:7]Class 'EasySwoole\Core\Http\AbstractInterface\Controller' not found
[2019-07-17 09:22:52 $14771.0]	WARNING	swManager_check_exit_status: worker#3[pid=14791] abnormal exit, status=255, signal=0
PHP Fatal error:  Class 'EasySwoole\Core\Http\AbstractInterface\Controller' not found in /Users/wangzenan/Code/project/php/easyswoole/App/HttpController/User.php on line 7

Fatal error: Class 'EasySwoole\Core\Http\AbstractInterface\Controller' not found in /Users/wangzenan/Code/project/php/easyswoole/App/HttpController/User.php on line 7
PHP Warning:  Swoole\Server::send(): invalid fd[0] in /Users/wangzenan/Code/project/php/easyswoole/src/Console/ConsoleService.php on line 76

Warning: Swoole\Server::send(): invalid fd[0] in /Users/wangzenan/Code/project/php/easyswoole/src/Console/ConsoleService.php on line 76
[2019-07-17 09:22:54][Warning][file:/Users/wangzenan/Code/project/php/easyswoole/src/Console/ConsoleService.php][line:76]Swoole\Server::send(): invalid fd[0]
[2019-07-17 09:22:54][FatalError][file:/Users/wangzenan/Code/project/php/easyswoole/App/HttpController/User.php][line:7]Class 'EasySwoole\Core\Http\AbstractInterface\Controller' not found
[2019-07-17 09:22:54 $14771.0]	WARNING	swManager_check_exit_status: worker#4[pid=14792] abnormal exit, status=255, signal=0
PHP Fatal error:  Class 'EasySwoole\Core\Http\AbstractInterface\Controller' not found in /Users/wangzenan/Code/project/php/easyswoole/App/HttpController/User.php on line 7

Fatal error: Class 'EasySwoole\Core\Http\AbstractInterface\Controller' not found in /Users/wangzenan/Code/project/php/easyswoole/App/HttpController/User.php on line 7
PHP Warning:  Swoole\Server::send(): invalid fd[0] in /Users/wangzenan/Code/project/php/easyswoole/src/Console/ConsoleService.php on line 76

Warning: Swoole\Server::send(): invalid fd[0] in /Users/wangzenan/Code/project/php/easyswoole/src/Console/ConsoleService.php on line 76
[2019-07-17 09:25:36][Warning][file:/Users/wangzenan/Code/project/php/easyswoole/src/Console/ConsoleService.php][line:76]Swoole\Server::send(): invalid fd[0]
[2019-07-17 09:25:36][FatalError][file:/Users/wangzenan/Code/project/php/easyswoole/App/HttpController/User.php][line:7]Class 'EasySwoole\Core\Http\AbstractInterface\Controller' not found
[2019-07-17 09:25:36 $14771.0]	WARNING	swManager_check_exit_status: worker#3[pid=14822] abnormal exit, status=255, signal=0
PHP Fatal error:  Class 'EasySwoole\Core\Http\AbstractInterface\Controller' not found in /Users/wangzenan/Code/project/php/easyswoole/App/HttpController/User.php on line 7

Fatal error: Class 'EasySwoole\Core\Http\AbstractInterface\Controller' not found in /Users/wangzenan/Code/project/php/easyswoole/App/HttpController/User.php on line 7
PHP Warning:  Swoole\Server::send(): invalid fd[0] in /Users/wangzenan/Code/project/php/easyswoole/src/Console/ConsoleService.php on line 76

Warning: Swoole\Server::send(): invalid fd[0] in /Users/wangzenan/Code/project/php/easyswoole/src/Console/ConsoleService.php on line 76
[2019-07-17 09:26:07][Warning][file:/Users/wangzenan/Code/project/php/easyswoole/src/Console/ConsoleService.php][line:76]Swoole\Server::send(): invalid fd[0]
[2019-07-17 09:26:07][FatalError][file:/Users/wangzenan/Code/project/php/easyswoole/App/HttpController/User.php][line:7]Class 'EasySwoole\Core\Http\AbstractInterface\Controller' not found
[2019-07-17 09:26:07 $14771.0]	WARNING	swManager_check_exit_status: worker#3[pid=15917] abnormal exit, status=255, signal=0
PHP Fatal error:  Class 'EasySwoole\Core\Http\AbstractInterface\Controller' not found in /Users/wangzenan/Code/project/php/easyswoole/App/HttpController/User.php on line 7

Fatal error: Class 'EasySwoole\Core\Http\AbstractInterface\Controller' not found in /Users/wangzenan/Code/project/php/easyswoole/App/HttpController/User.php on line 7
PHP Warning:  Swoole\Server::send(): invalid fd[0] in /Users/wangzenan/Code/project/php/easyswoole/src/Console/ConsoleService.php on line 76

Warning: Swoole\Server::send(): invalid fd[0] in /Users/wangzenan/Code/project/php/easyswoole/src/Console/ConsoleService.php on line 76
[2019-07-17 09:33:05][Warning][file:/Users/wangzenan/Code/project/php/easyswoole/src/Console/ConsoleService.php][line:76]Swoole\Server::send(): invalid fd[0]
[2019-07-17 09:33:05][FatalError][file:/Users/wangzenan/Code/project/php/easyswoole/App/HttpController/User.php][line:7]Class 'EasySwoole\Core\Http\AbstractInterface\Controller' not found
[2019-07-17 09:33:05 $14771.0]	WARNING	swManager_check_exit_status: worker#3[pid=16123] abnormal exit, status=255, signal=0
PHP Fatal error:  Class 'EasySwoole\Core\Http\AbstractInterface\Controller' not found in /Users/wangzenan/Code/project/php/easyswoole/App/HttpController/User.php on line 7

Fatal error: Class 'EasySwoole\Core\Http\AbstractInterface\Controller' not found in /Users/wangzenan/Code/project/php/easyswoole/App/HttpController/User.php on line 7
PHP Warning:  Swoole\Server::send(): invalid fd[0] in /Users/wangzenan/Code/project/php/easyswoole/src/Console/ConsoleService.php on line 76

Warning: Swoole\Server::send(): invalid fd[0] in /Users/wangzenan/Code/project/php/easyswoole/src/Console/ConsoleService.php on line 76
[2019-07-17 09:33:14][Warning][file:/Users/wangzenan/Code/project/php/easyswoole/src/Console/ConsoleService.php][line:76]Swoole\Server::send(): invalid fd[0]
[2019-07-17 09:33:14][FatalError][file:/Users/wangzenan/Code/project/php/easyswoole/App/HttpController/User.php][line:7]Class 'EasySwoole\Core\Http\AbstractInterface\Controller' not found
[2019-07-17 09:33:14 $14771.0]	WARNING	swManager_check_exit_status: worker#4[pid=14824] abnormal exit, status=255, signal=0
[2019-07-17 09:46:52 #14770.4]	INFO	Server is shutdown now
[2019-07-17 09:46:52 #14770.4]	WARNING	swServer_signal_handler: Fatal Error: manager process exit. status=0, signal=[Unknown signal: 0]
[2019-07-17 09:46:52 #14770.4]	WARNING	swFactoryProcess_shutdown(:70): waitpid(14771) failed, Error: No child processes[10]
